********************************************************************************
*                    Saturday, December 16, 2017 9:30:23 PM                    *
********************************************************************************
CSharpCompilerWrapper.exe version: 2.0.3.30
Platform: Windows
Target assembly: Assembly-CSharp.dll
Project directory: E:\unity project folder\Eldir\Physics engine
Target profile directory: D:\Program Installs\Editor\Data\Mono\lib\mono\unity
Unity 'Data' or 'Frameworks' directory: D:/Program Installs/Editor/Data
Compiler: Microsoft C# 6.0

- Compilation -----------------------------------------------

Process: E:\unity project folder\Eldir\Physics engine\CSharp60Support\Roslyn\csc.exe
Arguments: -nostdlib+ -noconfig -nologo -r:"D:\Program Installs\Editor\Data\Mono\lib\mono\unity\mscorlib.dll" -r:"D:\Program Installs\Editor\Data\Mono\lib\mono\unity\System.dll" -r:"D:\Program Installs\Editor\Data\Mono\lib\mono\unity\System.Core.dll" -r:"D:\Program Installs\Editor\Data\Mono\lib\mono\unity\System.Xml.dll" @Temp/UnityTempFile-cf57a4bde76a4b04a8f89256a31f1456 
Exit code: 0
Elapsed time: 2.90 sec

- Compiler output (0 lines):

- Compiler errors (2 lines):
0: Assets\Fixed.cs(9,15): warning CS0659: 'Fixed' overrides Object.Equals(object o) but does not override Object.GetHashCode()
1: Assets\PhysicsObject.cs(65,11): warning CS0414: The field 'PhysicsObject.dt' is assigned but its value is never used

- PDB to MDB conversion --------------------------------------

Process: E:\unity project folder\Eldir\Physics engine\CSharp60Support\Roslyn\pdb2mdb.exe
Arguments: Temp\Assembly-CSharp.dll
Exit code: 0
Elapsed time: 0.13 sec

- pdb2mdb.exe output (0 lines):
********************************************************************************
*                    Saturday, December 16, 2017 9:30:27 PM                    *
********************************************************************************
CSharpCompilerWrapper.exe version: 2.0.3.30
Platform: Windows
Target assembly: Assembly-CSharp-Editor.dll
Project directory: E:\unity project folder\Eldir\Physics engine
Target profile directory: D:\Program Installs\Editor\Data\MonoBleedingEdge\lib\mono\2.0-api
Unity 'Data' or 'Frameworks' directory: D:/Program Installs/Editor/Data
Compiler: Microsoft C# 6.0

- Compilation -----------------------------------------------

Process: E:\unity project folder\Eldir\Physics engine\CSharp60Support\Roslyn\csc.exe
Arguments: -nostdlib+ -noconfig -nologo -r:"D:\Program Installs\Editor\Data\MonoBleedingEdge\lib\mono\2.0-api\mscorlib.dll" -r:"D:\Program Installs\Editor\Data\MonoBleedingEdge\lib\mono\2.0-api\System.dll" -r:"D:\Program Installs\Editor\Data\MonoBleedingEdge\lib\mono\2.0-api\System.Core.dll" -r:"D:\Program Installs\Editor\Data\MonoBleedingEdge\lib\mono\2.0-api\System.Xml.dll" @Temp/UnityTempFile-5eaa11f664d8d9f45a0f85de5a7fac7e 
Exit code: 0
Elapsed time: 2.30 sec

- Compiler output (0 lines):

- Compiler errors (0 lines):

- PDB to MDB conversion --------------------------------------

Process: E:\unity project folder\Eldir\Physics engine\CSharp60Support\Roslyn\pdb2mdb.exe
Arguments: Temp\Assembly-CSharp-Editor.dll
Exit code: 0
Elapsed time: 0.12 sec

- pdb2mdb.exe output (0 lines):
